<?xml version="1.0" encoding="UTF-8"?>
<!-- Generated by org.testng.reporters.JUnitReportReporter -->
<testsuite hostname="DESKTOP-IJEJEIK" failures="0" tests="1" name="arttoframe.Crm_Email.LoginTest" time="0.009" errors="0" timestamp="2024-04-12T13:08:52 IST" skipped="0">
  <testcase classname="arttoframe.Crm_Email.LoginTest" name="testLogin" time="0.009"/>
  <system-out/>
</testsuite> <!-- arttoframe.Crm_Email.LoginTest -->
