<?xml version="1.0" encoding="UTF-8"?>
<!-- Generated by org.testng.reporters.JUnitReportReporter -->
<testsuite hostname="DESKTOP-TSAK99C" failures="0" tests="1" name="arttoframe.Crm_Email.TestComposeMail" time="2.586" errors="0" timestamp="2024-10-04T12:29:15 IST" skipped="0">
  <testcase classname="arttoframe.Crm_Email.TestComposeMail" name="ClickCompose" time="2.586"/>
  <system-out/>
</testsuite> <!-- arttoframe.Crm_Email.TestComposeMail -->
