<?xml version="1.0" encoding="UTF-8"?>
<!-- Generated by org.testng.reporters.JUnitReportReporter -->
<testsuite hostname="LAPTOP-1GVCNOLE" failures="0" tests="1" name="arttoframe.Crm_Email_PageObject.ArttoframeTest" time="34.930" errors="0" timestamp="2025-04-05T20:32:29 IST" skipped="0">
  <testcase classname="arttoframe.Crm_Email_PageObject.ArttoframeTest" name="HomePageCheck" time="34.930"/>
  <system-out/>
</testsuite> <!-- arttoframe.Crm_Email_PageObject.ArttoframeTest -->
