<?xml version="1.0" encoding="UTF-8"?>
<!-- Generated by org.testng.reporters.JUnitReportReporter -->
<testsuite hostname="LAPTOP-1GVCNOLE" failures="0" tests="1" name="arttoframe.Crm_Email.Testbillionaire" time="9.451" errors="0" timestamp="2025-10-17T15:52:32 IST" skipped="0">
  <testcase classname="arttoframe.Crm_Email.Testbillionaire" name="openbillionaire" time="9.451"/>
  <system-out/>
</testsuite> <!-- arttoframe.Crm_Email.Testbillionaire -->
