<?xml version="1.0" encoding="UTF-8"?>
<!-- Generated by org.testng.reporters.JUnitReportReporter -->
<testsuite hostname="DESKTOP-TSAK99C" failures="0" tests="1" name="arttoframe.Crm_Email.TestChat" time="67.519" errors="0" timestamp="2024-10-04T12:19:48 IST" skipped="0">
  <testcase classname="arttoframe.Crm_Email.TestChat" name="startChat" time="67.519"/>
  <system-out/>
</testsuite> <!-- arttoframe.Crm_Email.TestChat -->
