<?xml version="1.0" encoding="UTF-8"?>
<!-- Generated by org.testng.reporters.JUnitReportReporter -->
<testsuite hostname="DESKTOP-IJEJEIK" failures="0" tests="1" name="arttoframe.Crm_Email.TestTicketPopup" time="10.161" errors="0" timestamp="2024-05-06T18:18:38 IST" skipped="0">
  <testcase classname="arttoframe.Crm_Email.TestTicketPopup" name="TickectPopup" time="10.161"/>
</testsuite> <!-- arttoframe.Crm_Email.TestTicketPopup -->
