<?xml version="1.0" encoding="UTF-8"?>
<!-- Generated by org.testng.reporters.JUnitReportReporter -->
<testsuite hostname="LAPTOP-1GVCNOLE" failures="0" tests="6" name="TestDropdown" time="17.614" errors="0" timestamp="2025-03-30T18:59:29 IST" skipped="0">
  <testcase classname="TestDropdown" name="test" time="2.400"/>
  <system-out/>
  <testcase classname="TestDropdown" name="test" time="2.409"/>
  <system-out/>
  <testcase classname="TestDropdown" name="test" time="2.368"/>
  <system-out/>
  <testcase classname="TestDropdown" name="test" time="5.523"/>
  <system-out/>
  <testcase classname="TestDropdown" name="test" time="2.521"/>
  <system-out/>
  <testcase classname="TestDropdown" name="test" time="2.393"/>
  <system-out/>
</testsuite> <!-- TestDropdown -->
