<?xml version="1.0" encoding="UTF-8"?>
<!-- Generated by org.testng.reporters.JUnitReportReporter -->
<testsuite hostname="LAPTOP-1GVCNOLE" failures="0" tests="2" name="arttoframe.Crm_Email.Testbillionaire" time="44.556" errors="0" timestamp="2025-10-20T13:03:08 IST" skipped="0">
  <testcase classname="arttoframe.Crm_Email.Testbillionaire" name="openbillionaire" time="7.143"/>
  <testcase classname="arttoframe.Crm_Email.Testbillionaire" name="openbillionaire" time="37.413"/>
</testsuite> <!-- arttoframe.Crm_Email.Testbillionaire -->
